[0.008s] Invoking command in '/home/choibeomsu/ros2_ws/src/wall_follower/build/wall_follower': CMAKE_PREFIX_PATH=${CMAKE_PREFIX_PATH}:/home/choibeomsu/ros2_ws/install/yolo_segmentation:/home/choibeomsu/ros2_ws/install/yolo_detection:/home/choibeomsu/ros2_ws/install/video_to_ros2_topic:/home/choibeomsu/ros2_ws/install/image_to_ros2_topic:/opt/ros/humble /usr/bin/cmake /home/choibeomsu/ros2_ws/src/wall_follower -DCMAKE_INSTALL_PREFIX=/home/choibeomsu/ros2_ws/src/wall_follower/install/wall_follower
[0.061s] -- The C compiler identification is GNU 11.4.0
[0.135s] -- The CXX compiler identification is GNU 11.4.0
[0.140s] -- Detecting C compiler ABI info
[0.237s] -- Detecting C compiler ABI info - done
[0.243s] -- Check for working C compiler: /usr/bin/cc - skipped
[0.244s] -- Detecting C compile features
[0.244s] -- Detecting C compile features - done
[0.247s] -- Detecting CXX compiler ABI info
[0.359s] -- Detecting CXX compiler ABI info - done
[0.365s] -- Check for working CXX compiler: /usr/bin/c++ - skipped
[0.365s] -- Detecting CXX compile features
[0.365s] -- Detecting CXX compile features - done
[0.368s] -- Found ament_cmake: 1.3.10 (/opt/ros/humble/share/ament_cmake/cmake)
[0.504s] -- Found Python3: /usr/bin/python3 (found version "3.10.12") found components: Interpreter 
[0.588s] -- Found rclcpp: 16.0.10 (/opt/ros/humble/share/rclcpp/cmake)
[0.624s] -- Found rosidl_generator_c: 3.1.5 (/opt/ros/humble/share/rosidl_generator_c/cmake)
[0.628s] -- Found rosidl_adapter: 3.1.5 (/opt/ros/humble/share/rosidl_adapter/cmake)
[0.635s] -- Found rosidl_generator_cpp: 3.1.5 (/opt/ros/humble/share/rosidl_generator_cpp/cmake)
[0.644s] -- Using all available rosidl_typesupport_c: rosidl_typesupport_fastrtps_c;rosidl_typesupport_introspection_c
[0.657s] -- Using all available rosidl_typesupport_cpp: rosidl_typesupport_fastrtps_cpp;rosidl_typesupport_introspection_cpp
[0.692s] -- Found rmw_implementation_cmake: 6.1.2 (/opt/ros/humble/share/rmw_implementation_cmake/cmake)
[0.695s] -- Found rmw_fastrtps_cpp: 6.2.7 (/opt/ros/humble/share/rmw_fastrtps_cpp/cmake)
[0.800s] -- Found OpenSSL: /usr/lib/x86_64-linux-gnu/libcrypto.so (found version "3.0.2")  
[0.848s] -- Found FastRTPS: /opt/ros/humble/include  
[0.886s] -- Using RMW implementation 'rmw_fastrtps_cpp' as default
[0.894s] -- Looking for pthread.h
[1.002s] -- Looking for pthread.h - found
[1.002s] -- Performing Test CMAKE_HAVE_LIBC_PTHREAD
[1.082s] -- Performing Test CMAKE_HAVE_LIBC_PTHREAD - Success
[1.084s] -- Found Threads: TRUE  
[1.128s] -- Found sensor_msgs: 4.2.4 (/opt/ros/humble/share/sensor_msgs/cmake)
[1.153s] -- Found ament_lint_auto: 0.12.11 (/opt/ros/humble/share/ament_lint_auto/cmake)
[1.224s] -- Added test 'cppcheck' to perform static code analysis on C / C++ code
[1.224s] -- Configured cppcheck include dirs: 
[1.224s] -- Configured cppcheck exclude dirs and/or files: 
[1.225s] -- Added test 'lint_cmake' to check CMake code style
[1.228s] -- Added test 'uncrustify' to check C / C++ code style
[1.228s] -- Configured uncrustify additional arguments: 
[1.228s] -- Added test 'xmllint' to check XML markup files
[1.230s] -- Configuring done
[1.236s] -- Generating done
[1.237s] -- Build files have been written to: /home/choibeomsu/ros2_ws/src/wall_follower/build/wall_follower
[1.246s] Invoked command in '/home/choibeomsu/ros2_ws/src/wall_follower/build/wall_follower' returned '0': CMAKE_PREFIX_PATH=${CMAKE_PREFIX_PATH}:/home/choibeomsu/ros2_ws/install/yolo_segmentation:/home/choibeomsu/ros2_ws/install/yolo_detection:/home/choibeomsu/ros2_ws/install/video_to_ros2_topic:/home/choibeomsu/ros2_ws/install/image_to_ros2_topic:/opt/ros/humble /usr/bin/cmake /home/choibeomsu/ros2_ws/src/wall_follower -DCMAKE_INSTALL_PREFIX=/home/choibeomsu/ros2_ws/src/wall_follower/install/wall_follower
[1.247s] Invoking command in '/home/choibeomsu/ros2_ws/src/wall_follower/build/wall_follower': CMAKE_PREFIX_PATH=${CMAKE_PREFIX_PATH}:/home/choibeomsu/ros2_ws/install/yolo_segmentation:/home/choibeomsu/ros2_ws/install/yolo_detection:/home/choibeomsu/ros2_ws/install/video_to_ros2_topic:/home/choibeomsu/ros2_ws/install/image_to_ros2_topic:/opt/ros/humble /usr/bin/cmake --build /home/choibeomsu/ros2_ws/src/wall_follower/build/wall_follower -- -j32 -l32
[1.304s] [ 50%] [32mBuilding CXX object CMakeFiles/wall_follower_node.dir/src/wall_follower_node.cpp.o[0m
[6.616s] [100%] [32m[1mLinking CXX executable wall_follower_node[0m
[6.884s] [100%] Built target wall_follower_node
[6.892s] Invoked command in '/home/choibeomsu/ros2_ws/src/wall_follower/build/wall_follower' returned '0': CMAKE_PREFIX_PATH=${CMAKE_PREFIX_PATH}:/home/choibeomsu/ros2_ws/install/yolo_segmentation:/home/choibeomsu/ros2_ws/install/yolo_detection:/home/choibeomsu/ros2_ws/install/video_to_ros2_topic:/home/choibeomsu/ros2_ws/install/image_to_ros2_topic:/opt/ros/humble /usr/bin/cmake --build /home/choibeomsu/ros2_ws/src/wall_follower/build/wall_follower -- -j32 -l32
[6.956s] Invoking command in '/home/choibeomsu/ros2_ws/src/wall_follower/build/wall_follower': CMAKE_PREFIX_PATH=${CMAKE_PREFIX_PATH}:/home/choibeomsu/ros2_ws/install/yolo_segmentation:/home/choibeomsu/ros2_ws/install/yolo_detection:/home/choibeomsu/ros2_ws/install/video_to_ros2_topic:/home/choibeomsu/ros2_ws/install/image_to_ros2_topic:/opt/ros/humble /usr/bin/cmake --install /home/choibeomsu/ros2_ws/src/wall_follower/build/wall_follower
[6.969s] -- Install configuration: ""
[6.969s] -- Installing: /home/choibeomsu/ros2_ws/src/wall_follower/install/wall_follower/lib/wall_follower/wall_follower_node
[6.973s] -- Set runtime path of "/home/choibeomsu/ros2_ws/src/wall_follower/install/wall_follower/lib/wall_follower/wall_follower_node" to ""
[6.973s] -- Installing: /home/choibeomsu/ros2_ws/src/wall_follower/install/wall_follower/share/ament_index/resource_index/package_run_dependencies/wall_follower
[6.973s] -- Installing: /home/choibeomsu/ros2_ws/src/wall_follower/install/wall_follower/share/ament_index/resource_index/parent_prefix_path/wall_follower
[6.973s] -- Installing: /home/choibeomsu/ros2_ws/src/wall_follower/install/wall_follower/share/wall_follower/environment/ament_prefix_path.sh
[6.973s] -- Installing: /home/choibeomsu/ros2_ws/src/wall_follower/install/wall_follower/share/wall_follower/environment/ament_prefix_path.dsv
[6.973s] -- Installing: /home/choibeomsu/ros2_ws/src/wall_follower/install/wall_follower/share/wall_follower/environment/path.sh
[6.973s] -- Installing: /home/choibeomsu/ros2_ws/src/wall_follower/install/wall_follower/share/wall_follower/environment/path.dsv
[6.974s] -- Installing: /home/choibeomsu/ros2_ws/src/wall_follower/install/wall_follower/share/wall_follower/local_setup.bash
[6.974s] -- Installing: /home/choibeomsu/ros2_ws/src/wall_follower/install/wall_follower/share/wall_follower/local_setup.sh
[6.974s] -- Installing: /home/choibeomsu/ros2_ws/src/wall_follower/install/wall_follower/share/wall_follower/local_setup.zsh
[6.974s] -- Installing: /home/choibeomsu/ros2_ws/src/wall_follower/install/wall_follower/share/wall_follower/local_setup.dsv
[6.974s] -- Installing: /home/choibeomsu/ros2_ws/src/wall_follower/install/wall_follower/share/wall_follower/package.dsv
[6.974s] -- Installing: /home/choibeomsu/ros2_ws/src/wall_follower/install/wall_follower/share/ament_index/resource_index/packages/wall_follower
[6.974s] -- Installing: /home/choibeomsu/ros2_ws/src/wall_follower/install/wall_follower/share/wall_follower/cmake/wall_followerConfig.cmake
[6.974s] -- Installing: /home/choibeomsu/ros2_ws/src/wall_follower/install/wall_follower/share/wall_follower/cmake/wall_followerConfig-version.cmake
[6.974s] -- Installing: /home/choibeomsu/ros2_ws/src/wall_follower/install/wall_follower/share/wall_follower/package.xml
[6.976s] Invoked command in '/home/choibeomsu/ros2_ws/src/wall_follower/build/wall_follower' returned '0': CMAKE_PREFIX_PATH=${CMAKE_PREFIX_PATH}:/home/choibeomsu/ros2_ws/install/yolo_segmentation:/home/choibeomsu/ros2_ws/install/yolo_detection:/home/choibeomsu/ros2_ws/install/video_to_ros2_topic:/home/choibeomsu/ros2_ws/install/image_to_ros2_topic:/opt/ros/humble /usr/bin/cmake --install /home/choibeomsu/ros2_ws/src/wall_follower/build/wall_follower
