[0.072s] DEBUG:colcon:Command line arguments: ['/usr/bin/colcon', 'build', '--packages-select', 'wall_follower']
[0.072s] DEBUG:colcon:Parsed command line arguments: Namespace(log_base=None, log_level=None, verb_name='build', build_base='build', install_base='install', merge_install=False, symlink_install=False, test_result_base=None, continue_on_error=False, executor='parallel', parallel_workers=32, event_handlers=None, ignore_user_meta=False, metas=['./colcon.meta'], base_paths=['.'], packages_ignore=None, packages_ignore_regex=None, paths=None, packages_up_to=None, packages_up_to_regex=None, packages_above=None, packages_above_and_dependencies=None, packages_above_depth=None, packages_select_by_dep=None, packages_skip_by_dep=None, packages_skip_up_to=None, packages_select_build_failed=False, packages_skip_build_finished=False, packages_select_test_failures=False, packages_skip_test_passed=False, packages_select=['wall_follower'], packages_skip=None, packages_select_regex=None, packages_skip_regex=None, packages_start=None, packages_end=None, allow_overriding=[], cmake_args=None, cmake_target=None, cmake_target_skip_unavailable=False, cmake_clean_cache=False, cmake_clean_first=False, cmake_force_configure=False, ament_cmake_args=None, catkin_cmake_args=None, catkin_skip_building_tests=False, mixin_files=None, mixin=None, verb_parser=<colcon_mixin.mixin.mixin_argument.MixinArgumentDecorator object at 0x7768b7d27790>, verb_extension=<colcon_core.verb.build.BuildVerb object at 0x7768b7d27220>, main=<bound method BuildVerb.main of <colcon_core.verb.build.BuildVerb object at 0x7768b7d27220>>, mixin_verb=('build',))
[0.175s] Level 1:colcon.colcon_core.package_discovery:discover_packages(colcon_meta) check parameters
[0.175s] Level 1:colcon.colcon_core.package_discovery:discover_packages(recursive) check parameters
[0.175s] Level 1:colcon.colcon_core.package_discovery:discover_packages(ignore) check parameters
[0.175s] Level 1:colcon.colcon_core.package_discovery:discover_packages(path) check parameters
[0.175s] Level 1:colcon.colcon_core.package_discovery:discover_packages(colcon_meta) discover
[0.175s] Level 1:colcon.colcon_core.package_discovery:discover_packages(recursive) discover
[0.175s] INFO:colcon.colcon_core.package_discovery:Crawling recursively for packages in '/home/choibeomsu/ros2_ws/src/wall_follower'
[0.175s] Level 1:colcon.colcon_core.package_identification:_identify(.) by extensions ['ignore', 'ignore_ament_install']
[0.175s] Level 1:colcon.colcon_core.package_identification:_identify(.) by extension 'ignore'
[0.175s] Level 1:colcon.colcon_core.package_identification:_identify(.) by extension 'ignore_ament_install'
[0.175s] Level 1:colcon.colcon_core.package_identification:_identify(.) by extensions ['colcon_pkg']
[0.175s] Level 1:colcon.colcon_core.package_identification:_identify(.) by extension 'colcon_pkg'
[0.175s] Level 1:colcon.colcon_core.package_identification:_identify(.) by extensions ['colcon_meta']
[0.175s] Level 1:colcon.colcon_core.package_identification:_identify(.) by extension 'colcon_meta'
[0.175s] Level 1:colcon.colcon_core.package_identification:_identify(.) by extensions ['ros']
[0.175s] Level 1:colcon.colcon_core.package_identification:_identify(.) by extension 'ros'
[0.184s] DEBUG:colcon.colcon_core.package_identification:Package '.' with type 'ros.ament_cmake' and name 'wall_follower'
[0.184s] Level 1:colcon.colcon_core.package_discovery:discover_packages(recursive) using defaults
[0.184s] Level 1:colcon.colcon_core.package_discovery:discover_packages(ignore) discover
[0.184s] Level 1:colcon.colcon_core.package_discovery:discover_packages(ignore) using defaults
[0.184s] Level 1:colcon.colcon_core.package_discovery:discover_packages(path) discover
[0.184s] Level 1:colcon.colcon_core.package_discovery:discover_packages(path) using defaults
[0.204s] Level 1:colcon.colcon_core.package_discovery:discover_packages(prefix_path) check parameters
[0.204s] Level 1:colcon.colcon_core.package_discovery:discover_packages(prefix_path) discover
[0.206s] DEBUG:colcon.colcon_installed_package_information.package_discovery:Found 20 installed packages in /home/choibeomsu/ros2_ws/install
[0.207s] DEBUG:colcon.colcon_installed_package_information.package_discovery:Found 320 installed packages in /opt/ros/humble
[0.208s] Level 1:colcon.colcon_core.package_discovery:discover_packages(prefix_path) using defaults
[0.232s] Level 5:colcon.colcon_core.verb:set package 'wall_follower' build argument 'cmake_args' from command line to 'None'
[0.233s] Level 5:colcon.colcon_core.verb:set package 'wall_follower' build argument 'cmake_target' from command line to 'None'
[0.233s] Level 5:colcon.colcon_core.verb:set package 'wall_follower' build argument 'cmake_target_skip_unavailable' from command line to 'False'
[0.233s] Level 5:colcon.colcon_core.verb:set package 'wall_follower' build argument 'cmake_clean_cache' from command line to 'False'
[0.233s] Level 5:colcon.colcon_core.verb:set package 'wall_follower' build argument 'cmake_clean_first' from command line to 'False'
[0.233s] Level 5:colcon.colcon_core.verb:set package 'wall_follower' build argument 'cmake_force_configure' from command line to 'False'
[0.233s] Level 5:colcon.colcon_core.verb:set package 'wall_follower' build argument 'ament_cmake_args' from command line to 'None'
[0.233s] Level 5:colcon.colcon_core.verb:set package 'wall_follower' build argument 'catkin_cmake_args' from command line to 'None'
[0.233s] Level 5:colcon.colcon_core.verb:set package 'wall_follower' build argument 'catkin_skip_building_tests' from command line to 'False'
[0.233s] DEBUG:colcon.colcon_core.verb:Building package 'wall_follower' with the following arguments: {'ament_cmake_args': None, 'build_base': '/home/choibeomsu/ros2_ws/src/wall_follower/build/wall_follower', 'catkin_cmake_args': None, 'catkin_skip_building_tests': False, 'cmake_args': None, 'cmake_clean_cache': False, 'cmake_clean_first': False, 'cmake_force_configure': False, 'cmake_target': None, 'cmake_target_skip_unavailable': False, 'install_base': '/home/choibeomsu/ros2_ws/src/wall_follower/install/wall_follower', 'merge_install': False, 'path': '/home/choibeomsu/ros2_ws/src/wall_follower', 'symlink_install': False, 'test_result_base': None}
[0.233s] INFO:colcon.colcon_core.executor:Executing jobs using 'parallel' executor
[0.234s] DEBUG:colcon.colcon_parallel_executor.executor.parallel:run_until_complete
[0.234s] INFO:colcon.colcon_ros.task.ament_cmake.build:Building ROS package in '/home/choibeomsu/ros2_ws/src/wall_follower' with build type 'ament_cmake'
[0.234s] INFO:colcon.colcon_cmake.task.cmake.build:Building CMake package in '/home/choibeomsu/ros2_ws/src/wall_follower'
[0.235s] INFO:colcon.colcon_core.plugin_system:Skipping extension 'colcon_core.shell.bat': Not used on non-Windows systems
[0.235s] INFO:colcon.colcon_core.shell:Skip shell extension 'powershell' for command environment: Not usable outside of PowerShell
[0.235s] DEBUG:colcon.colcon_core.shell:Skip shell extension 'dsv' for command environment
[0.243s] DEBUG:colcon.colcon_core.event_handler.log_command:Invoking command in '/home/choibeomsu/ros2_ws/src/wall_follower/build/wall_follower': CMAKE_PREFIX_PATH=${CMAKE_PREFIX_PATH}:/home/choibeomsu/ros2_ws/install/yolo_segmentation:/home/choibeomsu/ros2_ws/install/yolo_detection:/home/choibeomsu/ros2_ws/install/video_to_ros2_topic:/home/choibeomsu/ros2_ws/install/image_to_ros2_topic:/opt/ros/humble /usr/bin/cmake /home/choibeomsu/ros2_ws/src/wall_follower -DCMAKE_INSTALL_PREFIX=/home/choibeomsu/ros2_ws/src/wall_follower/install/wall_follower
[1.481s] DEBUG:colcon.colcon_core.event_handler.log_command:Invoked command in '/home/choibeomsu/ros2_ws/src/wall_follower/build/wall_follower' returned '0': CMAKE_PREFIX_PATH=${CMAKE_PREFIX_PATH}:/home/choibeomsu/ros2_ws/install/yolo_segmentation:/home/choibeomsu/ros2_ws/install/yolo_detection:/home/choibeomsu/ros2_ws/install/video_to_ros2_topic:/home/choibeomsu/ros2_ws/install/image_to_ros2_topic:/opt/ros/humble /usr/bin/cmake /home/choibeomsu/ros2_ws/src/wall_follower -DCMAKE_INSTALL_PREFIX=/home/choibeomsu/ros2_ws/src/wall_follower/install/wall_follower
[1.481s] DEBUG:colcon.colcon_core.event_handler.log_command:Invoking command in '/home/choibeomsu/ros2_ws/src/wall_follower/build/wall_follower': CMAKE_PREFIX_PATH=${CMAKE_PREFIX_PATH}:/home/choibeomsu/ros2_ws/install/yolo_segmentation:/home/choibeomsu/ros2_ws/install/yolo_detection:/home/choibeomsu/ros2_ws/install/video_to_ros2_topic:/home/choibeomsu/ros2_ws/install/image_to_ros2_topic:/opt/ros/humble /usr/bin/cmake --build /home/choibeomsu/ros2_ws/src/wall_follower/build/wall_follower -- -j32 -l32
[7.127s] DEBUG:colcon.colcon_core.event_handler.log_command:Invoked command in '/home/choibeomsu/ros2_ws/src/wall_follower/build/wall_follower' returned '0': CMAKE_PREFIX_PATH=${CMAKE_PREFIX_PATH}:/home/choibeomsu/ros2_ws/install/yolo_segmentation:/home/choibeomsu/ros2_ws/install/yolo_detection:/home/choibeomsu/ros2_ws/install/video_to_ros2_topic:/home/choibeomsu/ros2_ws/install/image_to_ros2_topic:/opt/ros/humble /usr/bin/cmake --build /home/choibeomsu/ros2_ws/src/wall_follower/build/wall_follower -- -j32 -l32
[7.191s] DEBUG:colcon.colcon_core.event_handler.log_command:Invoking command in '/home/choibeomsu/ros2_ws/src/wall_follower/build/wall_follower': CMAKE_PREFIX_PATH=${CMAKE_PREFIX_PATH}:/home/choibeomsu/ros2_ws/install/yolo_segmentation:/home/choibeomsu/ros2_ws/install/yolo_detection:/home/choibeomsu/ros2_ws/install/video_to_ros2_topic:/home/choibeomsu/ros2_ws/install/image_to_ros2_topic:/opt/ros/humble /usr/bin/cmake --install /home/choibeomsu/ros2_ws/src/wall_follower/build/wall_follower
[7.210s] Level 1:colcon.colcon_core.environment:create_environment_scripts_only(wall_follower)
[7.211s] DEBUG:colcon.colcon_core.event_handler.log_command:Invoked command in '/home/choibeomsu/ros2_ws/src/wall_follower/build/wall_follower' returned '0': CMAKE_PREFIX_PATH=${CMAKE_PREFIX_PATH}:/home/choibeomsu/ros2_ws/install/yolo_segmentation:/home/choibeomsu/ros2_ws/install/yolo_detection:/home/choibeomsu/ros2_ws/install/video_to_ros2_topic:/home/choibeomsu/ros2_ws/install/image_to_ros2_topic:/opt/ros/humble /usr/bin/cmake --install /home/choibeomsu/ros2_ws/src/wall_follower/build/wall_follower
[7.212s] Level 1:colcon.colcon_core.environment:checking '/home/choibeomsu/ros2_ws/src/wall_follower/install/wall_follower' for CMake module files
[7.213s] Level 1:colcon.colcon_core.environment:checking '/home/choibeomsu/ros2_ws/src/wall_follower/install/wall_follower' for CMake config files
[7.213s] Level 1:colcon.colcon_core.shell:create_environment_hook('wall_follower', 'cmake_prefix_path')
[7.213s] INFO:colcon.colcon_core.shell:Creating environment hook '/home/choibeomsu/ros2_ws/src/wall_follower/install/wall_follower/share/wall_follower/hook/cmake_prefix_path.ps1'
[7.214s] INFO:colcon.colcon_core.shell:Creating environment descriptor '/home/choibeomsu/ros2_ws/src/wall_follower/install/wall_follower/share/wall_follower/hook/cmake_prefix_path.dsv'
[7.214s] INFO:colcon.colcon_core.shell:Creating environment hook '/home/choibeomsu/ros2_ws/src/wall_follower/install/wall_follower/share/wall_follower/hook/cmake_prefix_path.sh'
[7.215s] Level 1:colcon.colcon_core.environment:checking '/home/choibeomsu/ros2_ws/src/wall_follower/install/wall_follower/lib'
[7.215s] Level 1:colcon.colcon_core.environment:checking '/home/choibeomsu/ros2_ws/src/wall_follower/install/wall_follower/bin'
[7.215s] Level 1:colcon.colcon_core.environment:checking '/home/choibeomsu/ros2_ws/src/wall_follower/install/wall_follower/lib/pkgconfig/wall_follower.pc'
[7.215s] Level 1:colcon.colcon_core.environment:checking '/home/choibeomsu/ros2_ws/src/wall_follower/install/wall_follower/lib/python3.10/site-packages'
[7.216s] Level 1:colcon.colcon_core.environment:checking '/home/choibeomsu/ros2_ws/src/wall_follower/install/wall_follower/bin'
[7.216s] INFO:colcon.colcon_core.shell:Creating package script '/home/choibeomsu/ros2_ws/src/wall_follower/install/wall_follower/share/wall_follower/package.ps1'
[7.217s] INFO:colcon.colcon_core.shell:Creating package descriptor '/home/choibeomsu/ros2_ws/src/wall_follower/install/wall_follower/share/wall_follower/package.dsv'
[7.217s] INFO:colcon.colcon_core.shell:Creating package script '/home/choibeomsu/ros2_ws/src/wall_follower/install/wall_follower/share/wall_follower/package.sh'
[7.218s] INFO:colcon.colcon_core.shell:Creating package script '/home/choibeomsu/ros2_ws/src/wall_follower/install/wall_follower/share/wall_follower/package.bash'
[7.218s] INFO:colcon.colcon_core.shell:Creating package script '/home/choibeomsu/ros2_ws/src/wall_follower/install/wall_follower/share/wall_follower/package.zsh'
[7.219s] Level 1:colcon.colcon_core.environment:create_file_with_runtime_dependencies(/home/choibeomsu/ros2_ws/src/wall_follower/install/wall_follower/share/colcon-core/packages/wall_follower)
[7.265s] Level 1:colcon.colcon_core.environment:create_environment_scripts_only(wall_follower)
[7.265s] Level 1:colcon.colcon_core.environment:checking '/home/choibeomsu/ros2_ws/src/wall_follower/install/wall_follower' for CMake module files
[7.266s] Level 1:colcon.colcon_core.environment:checking '/home/choibeomsu/ros2_ws/src/wall_follower/install/wall_follower' for CMake config files
[7.267s] Level 1:colcon.colcon_core.shell:create_environment_hook('wall_follower', 'cmake_prefix_path')
[7.267s] INFO:colcon.colcon_core.shell:Creating environment hook '/home/choibeomsu/ros2_ws/src/wall_follower/install/wall_follower/share/wall_follower/hook/cmake_prefix_path.ps1'
[7.268s] INFO:colcon.colcon_core.shell:Creating environment descriptor '/home/choibeomsu/ros2_ws/src/wall_follower/install/wall_follower/share/wall_follower/hook/cmake_prefix_path.dsv'
[7.269s] INFO:colcon.colcon_core.shell:Creating environment hook '/home/choibeomsu/ros2_ws/src/wall_follower/install/wall_follower/share/wall_follower/hook/cmake_prefix_path.sh'
[7.270s] Level 1:colcon.colcon_core.environment:checking '/home/choibeomsu/ros2_ws/src/wall_follower/install/wall_follower/lib'
[7.270s] Level 1:colcon.colcon_core.environment:checking '/home/choibeomsu/ros2_ws/src/wall_follower/install/wall_follower/bin'
[7.270s] Level 1:colcon.colcon_core.environment:checking '/home/choibeomsu/ros2_ws/src/wall_follower/install/wall_follower/lib/pkgconfig/wall_follower.pc'
[7.271s] Level 1:colcon.colcon_core.environment:checking '/home/choibeomsu/ros2_ws/src/wall_follower/install/wall_follower/lib/python3.10/site-packages'
[7.271s] Level 1:colcon.colcon_core.environment:checking '/home/choibeomsu/ros2_ws/src/wall_follower/install/wall_follower/bin'
[7.272s] INFO:colcon.colcon_core.shell:Creating package script '/home/choibeomsu/ros2_ws/src/wall_follower/install/wall_follower/share/wall_follower/package.ps1'
[7.273s] INFO:colcon.colcon_core.shell:Creating package descriptor '/home/choibeomsu/ros2_ws/src/wall_follower/install/wall_follower/share/wall_follower/package.dsv'
[7.274s] INFO:colcon.colcon_core.shell:Creating package script '/home/choibeomsu/ros2_ws/src/wall_follower/install/wall_follower/share/wall_follower/package.sh'
[7.275s] INFO:colcon.colcon_core.shell:Creating package script '/home/choibeomsu/ros2_ws/src/wall_follower/install/wall_follower/share/wall_follower/package.bash'
[7.275s] INFO:colcon.colcon_core.shell:Creating package script '/home/choibeomsu/ros2_ws/src/wall_follower/install/wall_follower/share/wall_follower/package.zsh'
[7.276s] Level 1:colcon.colcon_core.environment:create_file_with_runtime_dependencies(/home/choibeomsu/ros2_ws/src/wall_follower/install/wall_follower/share/colcon-core/packages/wall_follower)
[7.276s] DEBUG:colcon.colcon_parallel_executor.executor.parallel:closing loop
[7.276s] DEBUG:colcon.colcon_parallel_executor.executor.parallel:loop closed
[7.277s] DEBUG:colcon.colcon_parallel_executor.executor.parallel:run_until_complete finished with '0'
[7.277s] DEBUG:colcon.colcon_core.event_reactor:joining thread
[7.287s] INFO:colcon.colcon_core.plugin_system:Skipping extension 'colcon_notification.desktop_notification.terminal_notifier': Not used on non-Darwin systems
[7.288s] INFO:colcon.colcon_core.plugin_system:Skipping extension 'colcon_notification.desktop_notification.win32': Not used on non-Windows systems
[7.288s] INFO:colcon.colcon_notification.desktop_notification:Sending desktop notification using 'notify2'
[7.310s] DEBUG:colcon.colcon_core.event_reactor:joined thread
[7.310s] INFO:colcon.colcon_core.shell:Creating prefix script '/home/choibeomsu/ros2_ws/src/wall_follower/install/local_setup.ps1'
[7.311s] INFO:colcon.colcon_core.shell:Creating prefix util module '/home/choibeomsu/ros2_ws/src/wall_follower/install/_local_setup_util_ps1.py'
[7.312s] INFO:colcon.colcon_core.shell:Creating prefix chain script '/home/choibeomsu/ros2_ws/src/wall_follower/install/setup.ps1'
[7.314s] INFO:colcon.colcon_core.shell:Creating prefix script '/home/choibeomsu/ros2_ws/src/wall_follower/install/local_setup.sh'
[7.314s] INFO:colcon.colcon_core.shell:Creating prefix util module '/home/choibeomsu/ros2_ws/src/wall_follower/install/_local_setup_util_sh.py'
[7.315s] INFO:colcon.colcon_core.shell:Creating prefix chain script '/home/choibeomsu/ros2_ws/src/wall_follower/install/setup.sh'
[7.317s] INFO:colcon.colcon_core.shell:Creating prefix script '/home/choibeomsu/ros2_ws/src/wall_follower/install/local_setup.bash'
[7.317s] INFO:colcon.colcon_core.shell:Creating prefix chain script '/home/choibeomsu/ros2_ws/src/wall_follower/install/setup.bash'
[7.319s] INFO:colcon.colcon_core.shell:Creating prefix script '/home/choibeomsu/ros2_ws/src/wall_follower/install/local_setup.zsh'
[7.319s] INFO:colcon.colcon_core.shell:Creating prefix chain script '/home/choibeomsu/ros2_ws/src/wall_follower/install/setup.zsh'
