[0.010s] Invoking command in '/home/choibeomsu/ros2_ws/src/wall_follower/build/wall_follower': CMAKE_PREFIX_PATH=${CMAKE_PREFIX_PATH}:/home/choibeomsu/ros2_ws/install/yolo_segmentation:/home/choibeomsu/ros2_ws/install/yolo_detection:/home/choibeomsu/ros2_ws/install/video_to_ros2_topic:/home/choibeomsu/ros2_ws/install/image_to_ros2_topic:/opt/ros/humble /usr/bin/cmake --build /home/choibeomsu/ros2_ws/src/wall_follower/build/wall_follower -- -j32 -l32
[0.031s] -- Found ament_cmake: 1.3.10 (/opt/ros/humble/share/ament_cmake/cmake)
[0.135s] -- Found rclcpp: 16.0.10 (/opt/ros/humble/share/rclcpp/cmake)
[0.154s] -- Found rosidl_generator_c: 3.1.5 (/opt/ros/humble/share/rosidl_generator_c/cmake)
[0.156s] -- Found rosidl_adapter: 3.1.5 (/opt/ros/humble/share/rosidl_adapter/cmake)
[0.160s] -- Found rosidl_generator_cpp: 3.1.5 (/opt/ros/humble/share/rosidl_generator_cpp/cmake)
[0.166s] -- Using all available rosidl_typesupport_c: rosidl_typesupport_fastrtps_c;rosidl_typesupport_introspection_c
[0.175s] -- Using all available rosidl_typesupport_cpp: rosidl_typesupport_fastrtps_cpp;rosidl_typesupport_introspection_cpp
[0.196s] -- Found rmw_implementation_cmake: 6.1.2 (/opt/ros/humble/share/rmw_implementation_cmake/cmake)
[0.197s] -- Found rmw_fastrtps_cpp: 6.2.7 (/opt/ros/humble/share/rmw_fastrtps_cpp/cmake)
[0.271s] -- Using RMW implementation 'rmw_fastrtps_cpp' as default
[0.303s] -- Found sensor_msgs: 4.2.4 (/opt/ros/humble/share/sensor_msgs/cmake)
[0.323s] -- Found ament_lint_auto: 0.12.11 (/opt/ros/humble/share/ament_lint_auto/cmake)
[0.375s] -- Added test 'cppcheck' to perform static code analysis on C / C++ code
[0.375s] -- Configured cppcheck include dirs: 
[0.375s] -- Configured cppcheck exclude dirs and/or files: 
[0.376s] -- Added test 'flake8' to check Python code syntax and style conventions
[0.377s] -- Added test 'lint_cmake' to check CMake code style
[0.378s] -- Added test 'pep257' to check Python code against some of the docstring style conventions in PEP 257
[0.382s] -- Added test 'uncrustify' to check C / C++ code style
[0.383s] -- Configured uncrustify additional arguments: 
[0.383s] -- Added test 'xmllint' to check XML markup files
[0.384s] -- Configuring done
[0.390s] -- Generating done
[0.391s] -- Build files have been written to: /home/choibeomsu/ros2_ws/src/wall_follower/build/wall_follower
[0.413s] [35m[1mConsolidate compiler generated dependencies of target wall_follower_node[0m
[0.430s] [ 33%] [32mBuilding CXX object CMakeFiles/wall_follower_node.dir/src/main.cpp.o[0m
[0.553s] [01m[K/home/choibeomsu/ros2_ws/src/wall_follower/src/main.cpp:2:10:[m[K [01;31m[Kfatal error: [m[Kwall_follower_node.hpp: No such file or directory
[0.553s]     2 | #include [01;31m[K"wall_follower_node.hpp"[m[K  // wall_follower_node.cpp가 선언된 헤더 파일
[0.553s]       |          [01;31m[K^~~~~~~~~~~~~~~~~~~~~~~~[m[K
[0.553s] compilation terminated.
[0.562s] gmake[2]: *** [CMakeFiles/wall_follower_node.dir/build.make:76: CMakeFiles/wall_follower_node.dir/src/main.cpp.o] Error 1
[0.562s] gmake[1]: *** [CMakeFiles/Makefile2:137: CMakeFiles/wall_follower_node.dir/all] Error 2
[0.563s] gmake: *** [Makefile:146: all] Error 2
[0.565s] Invoked command in '/home/choibeomsu/ros2_ws/src/wall_follower/build/wall_follower' returned '2': CMAKE_PREFIX_PATH=${CMAKE_PREFIX_PATH}:/home/choibeomsu/ros2_ws/install/yolo_segmentation:/home/choibeomsu/ros2_ws/install/yolo_detection:/home/choibeomsu/ros2_ws/install/video_to_ros2_topic:/home/choibeomsu/ros2_ws/install/image_to_ros2_topic:/opt/ros/humble /usr/bin/cmake --build /home/choibeomsu/ros2_ws/src/wall_follower/build/wall_follower -- -j32 -l32
