[0.063s] DEBUG:colcon:Command line arguments: ['/usr/bin/colcon', 'build', '--packages-select', 'turtlesim_control']
[0.063s] DEBUG:colcon:Parsed command line arguments: Namespace(log_base=None, log_level=None, verb_name='build', build_base='build', install_base='install', merge_install=False, symlink_install=False, test_result_base=None, continue_on_error=False, executor='parallel', parallel_workers=32, event_handlers=None, ignore_user_meta=False, metas=['./colcon.meta'], base_paths=['.'], packages_ignore=None, packages_ignore_regex=None, paths=None, packages_up_to=None, packages_up_to_regex=None, packages_above=None, packages_above_and_dependencies=None, packages_above_depth=None, packages_select_by_dep=None, packages_skip_by_dep=None, packages_skip_up_to=None, packages_select_build_failed=False, packages_skip_build_finished=False, packages_select_test_failures=False, packages_skip_test_passed=False, packages_select=['turtlesim_control'], packages_skip=None, packages_select_regex=None, packages_skip_regex=None, packages_start=None, packages_end=None, allow_overriding=[], cmake_args=None, cmake_target=None, cmake_target_skip_unavailable=False, cmake_clean_cache=False, cmake_clean_first=False, cmake_force_configure=False, ament_cmake_args=None, catkin_cmake_args=None, catkin_skip_building_tests=False, mixin_files=None, mixin=None, verb_parser=<colcon_mixin.mixin.mixin_argument.MixinArgumentDecorator object at 0x743b1ee4a080>, verb_extension=<colcon_core.verb.build.BuildVerb object at 0x743b1ee49b10>, main=<bound method BuildVerb.main of <colcon_core.verb.build.BuildVerb object at 0x743b1ee49b10>>, mixin_verb=('build',))
[0.154s] Level 1:colcon.colcon_core.package_discovery:discover_packages(colcon_meta) check parameters
[0.154s] Level 1:colcon.colcon_core.package_discovery:discover_packages(recursive) check parameters
[0.154s] Level 1:colcon.colcon_core.package_discovery:discover_packages(ignore) check parameters
[0.154s] Level 1:colcon.colcon_core.package_discovery:discover_packages(path) check parameters
[0.154s] Level 1:colcon.colcon_core.package_discovery:discover_packages(colcon_meta) discover
[0.154s] Level 1:colcon.colcon_core.package_discovery:discover_packages(recursive) discover
[0.154s] INFO:colcon.colcon_core.package_discovery:Crawling recursively for packages in '/home/choibeomsu/ros2_ws/src/turtlesim_control'
[0.154s] Level 1:colcon.colcon_core.package_identification:_identify(.) by extensions ['ignore', 'ignore_ament_install']
[0.154s] Level 1:colcon.colcon_core.package_identification:_identify(.) by extension 'ignore'
[0.154s] Level 1:colcon.colcon_core.package_identification:_identify(.) by extension 'ignore_ament_install'
[0.154s] Level 1:colcon.colcon_core.package_identification:_identify(.) by extensions ['colcon_pkg']
[0.154s] Level 1:colcon.colcon_core.package_identification:_identify(.) by extension 'colcon_pkg'
[0.154s] Level 1:colcon.colcon_core.package_identification:_identify(.) by extensions ['colcon_meta']
[0.154s] Level 1:colcon.colcon_core.package_identification:_identify(.) by extension 'colcon_meta'
[0.154s] Level 1:colcon.colcon_core.package_identification:_identify(.) by extensions ['ros']
[0.154s] Level 1:colcon.colcon_core.package_identification:_identify(.) by extension 'ros'
[0.163s] DEBUG:colcon.colcon_core.package_identification:Package '.' with type 'ros.ament_cmake' and name 'turtlesim_control'
[0.163s] Level 1:colcon.colcon_core.package_discovery:discover_packages(recursive) using defaults
[0.163s] Level 1:colcon.colcon_core.package_discovery:discover_packages(ignore) discover
[0.163s] Level 1:colcon.colcon_core.package_discovery:discover_packages(ignore) using defaults
[0.163s] Level 1:colcon.colcon_core.package_discovery:discover_packages(path) discover
[0.163s] Level 1:colcon.colcon_core.package_discovery:discover_packages(path) using defaults
[0.176s] Level 1:colcon.colcon_core.package_discovery:discover_packages(prefix_path) check parameters
[0.176s] Level 1:colcon.colcon_core.package_discovery:discover_packages(prefix_path) discover
[0.177s] DEBUG:colcon.colcon_installed_package_information.package_discovery:Found 2 installed packages in /home/choibeomsu/colcon_ws/install
[0.177s] DEBUG:colcon.colcon_installed_package_information.package_discovery:Found 270 installed packages in /opt/ros/humble
[0.184s] Level 1:colcon.colcon_core.package_discovery:discover_packages(prefix_path) using defaults
[0.204s] Level 5:colcon.colcon_core.verb:set package 'turtlesim_control' build argument 'cmake_args' from command line to 'None'
[0.204s] Level 5:colcon.colcon_core.verb:set package 'turtlesim_control' build argument 'cmake_target' from command line to 'None'
[0.204s] Level 5:colcon.colcon_core.verb:set package 'turtlesim_control' build argument 'cmake_target_skip_unavailable' from command line to 'False'
[0.204s] Level 5:colcon.colcon_core.verb:set package 'turtlesim_control' build argument 'cmake_clean_cache' from command line to 'False'
[0.204s] Level 5:colcon.colcon_core.verb:set package 'turtlesim_control' build argument 'cmake_clean_first' from command line to 'False'
[0.204s] Level 5:colcon.colcon_core.verb:set package 'turtlesim_control' build argument 'cmake_force_configure' from command line to 'False'
[0.204s] Level 5:colcon.colcon_core.verb:set package 'turtlesim_control' build argument 'ament_cmake_args' from command line to 'None'
[0.204s] Level 5:colcon.colcon_core.verb:set package 'turtlesim_control' build argument 'catkin_cmake_args' from command line to 'None'
[0.204s] Level 5:colcon.colcon_core.verb:set package 'turtlesim_control' build argument 'catkin_skip_building_tests' from command line to 'False'
[0.204s] DEBUG:colcon.colcon_core.verb:Building package 'turtlesim_control' with the following arguments: {'ament_cmake_args': None, 'build_base': '/home/choibeomsu/ros2_ws/src/turtlesim_control/build/turtlesim_control', 'catkin_cmake_args': None, 'catkin_skip_building_tests': False, 'cmake_args': None, 'cmake_clean_cache': False, 'cmake_clean_first': False, 'cmake_force_configure': False, 'cmake_target': None, 'cmake_target_skip_unavailable': False, 'install_base': '/home/choibeomsu/ros2_ws/src/turtlesim_control/install/turtlesim_control', 'merge_install': False, 'path': '/home/choibeomsu/ros2_ws/src/turtlesim_control', 'symlink_install': False, 'test_result_base': None}
[0.204s] INFO:colcon.colcon_core.executor:Executing jobs using 'parallel' executor
[0.205s] DEBUG:colcon.colcon_parallel_executor.executor.parallel:run_until_complete
[0.205s] INFO:colcon.colcon_ros.task.ament_cmake.build:Building ROS package in '/home/choibeomsu/ros2_ws/src/turtlesim_control' with build type 'ament_cmake'
[0.205s] INFO:colcon.colcon_cmake.task.cmake.build:Building CMake package in '/home/choibeomsu/ros2_ws/src/turtlesim_control'
[0.207s] INFO:colcon.colcon_core.plugin_system:Skipping extension 'colcon_core.shell.bat': Not used on non-Windows systems
[0.207s] INFO:colcon.colcon_core.shell:Skip shell extension 'powershell' for command environment: Not usable outside of PowerShell
[0.207s] DEBUG:colcon.colcon_core.shell:Skip shell extension 'dsv' for command environment
[0.212s] DEBUG:colcon.colcon_core.event_handler.log_command:Invoking command in '/home/choibeomsu/ros2_ws/src/turtlesim_control/build/turtlesim_control': CMAKE_PREFIX_PATH=/home/choibeomsu/colcon_ws/install/my_cpp_pkg:/opt/ros/humble:/home/choibeomsu/colcon_ws/install/bschoi /usr/bin/cmake /home/choibeomsu/ros2_ws/src/turtlesim_control -DCMAKE_INSTALL_PREFIX=/home/choibeomsu/ros2_ws/src/turtlesim_control/install/turtlesim_control
[1.175s] DEBUG:colcon.colcon_core.event_handler.log_command:Invoked command in '/home/choibeomsu/ros2_ws/src/turtlesim_control/build/turtlesim_control' returned '0': CMAKE_PREFIX_PATH=/home/choibeomsu/colcon_ws/install/my_cpp_pkg:/opt/ros/humble:/home/choibeomsu/colcon_ws/install/bschoi /usr/bin/cmake /home/choibeomsu/ros2_ws/src/turtlesim_control -DCMAKE_INSTALL_PREFIX=/home/choibeomsu/ros2_ws/src/turtlesim_control/install/turtlesim_control
[1.176s] DEBUG:colcon.colcon_core.event_handler.log_command:Invoking command in '/home/choibeomsu/ros2_ws/src/turtlesim_control/build/turtlesim_control': CMAKE_PREFIX_PATH=/home/choibeomsu/colcon_ws/install/my_cpp_pkg:/opt/ros/humble:/home/choibeomsu/colcon_ws/install/bschoi /usr/bin/cmake --build /home/choibeomsu/ros2_ws/src/turtlesim_control/build/turtlesim_control -- -j32 -l32
[5.485s] DEBUG:colcon.colcon_core.event_handler.log_command:Invoked command in '/home/choibeomsu/ros2_ws/src/turtlesim_control/build/turtlesim_control' returned '0': CMAKE_PREFIX_PATH=/home/choibeomsu/colcon_ws/install/my_cpp_pkg:/opt/ros/humble:/home/choibeomsu/colcon_ws/install/bschoi /usr/bin/cmake --build /home/choibeomsu/ros2_ws/src/turtlesim_control/build/turtlesim_control -- -j32 -l32
[5.543s] DEBUG:colcon.colcon_core.event_handler.log_command:Invoking command in '/home/choibeomsu/ros2_ws/src/turtlesim_control/build/turtlesim_control': CMAKE_PREFIX_PATH=/home/choibeomsu/colcon_ws/install/my_cpp_pkg:/opt/ros/humble:/home/choibeomsu/colcon_ws/install/bschoi /usr/bin/cmake --install /home/choibeomsu/ros2_ws/src/turtlesim_control/build/turtlesim_control
[5.558s] Level 1:colcon.colcon_core.environment:create_environment_scripts_only(turtlesim_control)
[5.558s] DEBUG:colcon.colcon_core.event_handler.log_command:Invoked command in '/home/choibeomsu/ros2_ws/src/turtlesim_control/build/turtlesim_control' returned '0': CMAKE_PREFIX_PATH=/home/choibeomsu/colcon_ws/install/my_cpp_pkg:/opt/ros/humble:/home/choibeomsu/colcon_ws/install/bschoi /usr/bin/cmake --install /home/choibeomsu/ros2_ws/src/turtlesim_control/build/turtlesim_control
[5.559s] Level 1:colcon.colcon_core.environment:checking '/home/choibeomsu/ros2_ws/src/turtlesim_control/install/turtlesim_control' for CMake module files
[5.560s] Level 1:colcon.colcon_core.environment:checking '/home/choibeomsu/ros2_ws/src/turtlesim_control/install/turtlesim_control' for CMake config files
[5.560s] Level 1:colcon.colcon_core.shell:create_environment_hook('turtlesim_control', 'cmake_prefix_path')
[5.560s] INFO:colcon.colcon_core.shell:Creating environment hook '/home/choibeomsu/ros2_ws/src/turtlesim_control/install/turtlesim_control/share/turtlesim_control/hook/cmake_prefix_path.ps1'
[5.561s] INFO:colcon.colcon_core.shell:Creating environment descriptor '/home/choibeomsu/ros2_ws/src/turtlesim_control/install/turtlesim_control/share/turtlesim_control/hook/cmake_prefix_path.dsv'
[5.561s] INFO:colcon.colcon_core.shell:Creating environment hook '/home/choibeomsu/ros2_ws/src/turtlesim_control/install/turtlesim_control/share/turtlesim_control/hook/cmake_prefix_path.sh'
[5.562s] Level 1:colcon.colcon_core.environment:checking '/home/choibeomsu/ros2_ws/src/turtlesim_control/install/turtlesim_control/lib'
[5.563s] Level 1:colcon.colcon_core.environment:checking '/home/choibeomsu/ros2_ws/src/turtlesim_control/install/turtlesim_control/bin'
[5.563s] Level 1:colcon.colcon_core.environment:checking '/home/choibeomsu/ros2_ws/src/turtlesim_control/install/turtlesim_control/lib/pkgconfig/turtlesim_control.pc'
[5.563s] Level 1:colcon.colcon_core.environment:checking '/home/choibeomsu/ros2_ws/src/turtlesim_control/install/turtlesim_control/lib/python3.10/site-packages'
[5.563s] Level 1:colcon.colcon_core.environment:checking '/home/choibeomsu/ros2_ws/src/turtlesim_control/install/turtlesim_control/bin'
[5.564s] INFO:colcon.colcon_core.shell:Creating package script '/home/choibeomsu/ros2_ws/src/turtlesim_control/install/turtlesim_control/share/turtlesim_control/package.ps1'
[5.565s] INFO:colcon.colcon_core.shell:Creating package descriptor '/home/choibeomsu/ros2_ws/src/turtlesim_control/install/turtlesim_control/share/turtlesim_control/package.dsv'
[5.565s] INFO:colcon.colcon_core.shell:Creating package script '/home/choibeomsu/ros2_ws/src/turtlesim_control/install/turtlesim_control/share/turtlesim_control/package.sh'
[5.566s] INFO:colcon.colcon_core.shell:Creating package script '/home/choibeomsu/ros2_ws/src/turtlesim_control/install/turtlesim_control/share/turtlesim_control/package.bash'
[5.567s] INFO:colcon.colcon_core.shell:Creating package script '/home/choibeomsu/ros2_ws/src/turtlesim_control/install/turtlesim_control/share/turtlesim_control/package.zsh'
[5.567s] Level 1:colcon.colcon_core.environment:create_file_with_runtime_dependencies(/home/choibeomsu/ros2_ws/src/turtlesim_control/install/turtlesim_control/share/colcon-core/packages/turtlesim_control)
[5.617s] Level 1:colcon.colcon_core.environment:create_environment_scripts_only(turtlesim_control)
[5.617s] Level 1:colcon.colcon_core.environment:checking '/home/choibeomsu/ros2_ws/src/turtlesim_control/install/turtlesim_control' for CMake module files
[5.618s] Level 1:colcon.colcon_core.environment:checking '/home/choibeomsu/ros2_ws/src/turtlesim_control/install/turtlesim_control' for CMake config files
[5.618s] Level 1:colcon.colcon_core.shell:create_environment_hook('turtlesim_control', 'cmake_prefix_path')
[5.618s] INFO:colcon.colcon_core.shell:Creating environment hook '/home/choibeomsu/ros2_ws/src/turtlesim_control/install/turtlesim_control/share/turtlesim_control/hook/cmake_prefix_path.ps1'
[5.619s] INFO:colcon.colcon_core.shell:Creating environment descriptor '/home/choibeomsu/ros2_ws/src/turtlesim_control/install/turtlesim_control/share/turtlesim_control/hook/cmake_prefix_path.dsv'
[5.620s] INFO:colcon.colcon_core.shell:Creating environment hook '/home/choibeomsu/ros2_ws/src/turtlesim_control/install/turtlesim_control/share/turtlesim_control/hook/cmake_prefix_path.sh'
[5.620s] Level 1:colcon.colcon_core.environment:checking '/home/choibeomsu/ros2_ws/src/turtlesim_control/install/turtlesim_control/lib'
[5.620s] Level 1:colcon.colcon_core.environment:checking '/home/choibeomsu/ros2_ws/src/turtlesim_control/install/turtlesim_control/bin'
[5.620s] Level 1:colcon.colcon_core.environment:checking '/home/choibeomsu/ros2_ws/src/turtlesim_control/install/turtlesim_control/lib/pkgconfig/turtlesim_control.pc'
[5.621s] Level 1:colcon.colcon_core.environment:checking '/home/choibeomsu/ros2_ws/src/turtlesim_control/install/turtlesim_control/lib/python3.10/site-packages'
[5.621s] Level 1:colcon.colcon_core.environment:checking '/home/choibeomsu/ros2_ws/src/turtlesim_control/install/turtlesim_control/bin'
[5.621s] INFO:colcon.colcon_core.shell:Creating package script '/home/choibeomsu/ros2_ws/src/turtlesim_control/install/turtlesim_control/share/turtlesim_control/package.ps1'
[5.622s] INFO:colcon.colcon_core.shell:Creating package descriptor '/home/choibeomsu/ros2_ws/src/turtlesim_control/install/turtlesim_control/share/turtlesim_control/package.dsv'
[5.623s] INFO:colcon.colcon_core.shell:Creating package script '/home/choibeomsu/ros2_ws/src/turtlesim_control/install/turtlesim_control/share/turtlesim_control/package.sh'
[5.623s] INFO:colcon.colcon_core.shell:Creating package script '/home/choibeomsu/ros2_ws/src/turtlesim_control/install/turtlesim_control/share/turtlesim_control/package.bash'
[5.624s] INFO:colcon.colcon_core.shell:Creating package script '/home/choibeomsu/ros2_ws/src/turtlesim_control/install/turtlesim_control/share/turtlesim_control/package.zsh'
[5.624s] Level 1:colcon.colcon_core.environment:create_file_with_runtime_dependencies(/home/choibeomsu/ros2_ws/src/turtlesim_control/install/turtlesim_control/share/colcon-core/packages/turtlesim_control)
[5.624s] DEBUG:colcon.colcon_parallel_executor.executor.parallel:closing loop
[5.625s] DEBUG:colcon.colcon_parallel_executor.executor.parallel:loop closed
[5.625s] DEBUG:colcon.colcon_parallel_executor.executor.parallel:run_until_complete finished with '0'
[5.625s] DEBUG:colcon.colcon_core.event_reactor:joining thread
[5.630s] INFO:colcon.colcon_core.plugin_system:Skipping extension 'colcon_notification.desktop_notification.terminal_notifier': Not used on non-Darwin systems
[5.631s] INFO:colcon.colcon_core.plugin_system:Skipping extension 'colcon_notification.desktop_notification.win32': Not used on non-Windows systems
[5.631s] INFO:colcon.colcon_notification.desktop_notification:Sending desktop notification using 'notify2'
[5.646s] DEBUG:colcon.colcon_core.event_reactor:joined thread
[5.647s] INFO:colcon.colcon_core.shell:Creating prefix script '/home/choibeomsu/ros2_ws/src/turtlesim_control/install/local_setup.ps1'
[5.648s] INFO:colcon.colcon_core.shell:Creating prefix util module '/home/choibeomsu/ros2_ws/src/turtlesim_control/install/_local_setup_util_ps1.py'
[5.649s] INFO:colcon.colcon_core.shell:Creating prefix chain script '/home/choibeomsu/ros2_ws/src/turtlesim_control/install/setup.ps1'
[5.651s] INFO:colcon.colcon_core.shell:Creating prefix script '/home/choibeomsu/ros2_ws/src/turtlesim_control/install/local_setup.sh'
[5.651s] INFO:colcon.colcon_core.shell:Creating prefix util module '/home/choibeomsu/ros2_ws/src/turtlesim_control/install/_local_setup_util_sh.py'
[5.652s] INFO:colcon.colcon_core.shell:Creating prefix chain script '/home/choibeomsu/ros2_ws/src/turtlesim_control/install/setup.sh'
[5.653s] INFO:colcon.colcon_core.shell:Creating prefix script '/home/choibeomsu/ros2_ws/src/turtlesim_control/install/local_setup.bash'
[5.654s] INFO:colcon.colcon_core.shell:Creating prefix chain script '/home/choibeomsu/ros2_ws/src/turtlesim_control/install/setup.bash'
[5.655s] INFO:colcon.colcon_core.shell:Creating prefix script '/home/choibeomsu/ros2_ws/src/turtlesim_control/install/local_setup.zsh'
[5.656s] INFO:colcon.colcon_core.shell:Creating prefix chain script '/home/choibeomsu/ros2_ws/src/turtlesim_control/install/setup.zsh'
