-- The CXX compiler identification is GNU 11.4.0
-- Detecting CXX compiler ABI info
-- Detecting CXX compiler ABI info - done
-- Check for working CXX compiler: /usr/bin/c++ - skipped
-- Detecting CXX compile features
-- Detecting CXX compile features - done
-- Found ament_cmake: 1.3.10 (/opt/ros/humble/share/ament_cmake/cmake)
-- Found Python3: /usr/bin/python3 (found version "3.10.12") found components: Interpreter 
-- Found rclcpp: 16.0.10 (/opt/ros/humble/share/rclcpp/cmake)
-- Found rosidl_generator_c: 3.1.5 (/opt/ros/humble/share/rosidl_generator_c/cmake)
-- Found rosidl_adapter: 3.1.5 (/opt/ros/humble/share/rosidl_adapter/cmake)
-- Found rosidl_generator_cpp: 3.1.5 (/opt/ros/humble/share/rosidl_generator_cpp/cmake)
-- Using all available rosidl_typesupport_c: rosidl_typesupport_fastrtps_c;rosidl_typesupport_introspection_c
-- Using all available rosidl_typesupport_cpp: rosidl_typesupport_fastrtps_cpp;rosidl_typesupport_introspection_cpp
-- Found rmw_implementation_cmake: 6.1.2 (/opt/ros/humble/share/rmw_implementation_cmake/cmake)
-- Found rmw_fastrtps_cpp: 6.2.7 (/opt/ros/humble/share/rmw_fastrtps_cpp/cmake)
-- Found OpenSSL: /usr/lib/x86_64-linux-gnu/libcrypto.so (found version "3.0.2")  
-- Found FastRTPS: /opt/ros/humble/include  
-- Using RMW implementation 'rmw_fastrtps_cpp' as default
-- Looking for C++ include pthread.h
-- Looking for C++ include pthread.h - found
-- Performing Test CMAKE_HAVE_LIBC_PTHREAD
-- Performing Test CMAKE_HAVE_LIBC_PTHREAD - Success
-- Found Threads: TRUE  
-- Found Boost: /usr/lib/x86_64-linux-gnu/cmake/Boost-1.74.0/BoostConfig.cmake (found suitable version "1.74.0", minimum required is "1.71.0") found components: thread 
-- Found geometry_msgs: 4.2.4 (/opt/ros/humble/share/geometry_msgs/cmake)
-- Found std_srvs: 4.2.4 (/opt/ros/humble/share/std_srvs/cmake)
-- Found turtlesim: 1.4.2 (/opt/ros/humble/share/turtlesim/cmake)
-- Found ament_lint_auto: 0.12.11 (/opt/ros/humble/share/ament_lint_auto/cmake)
-- Added test 'copyright' to check source files copyright and LICENSE
-- Added test 'cppcheck' to perform static code analysis on C / C++ code
-- Configured cppcheck include dirs: /home/choibeomsu/ros2_ws/src/turtlesim_control/include/turtlesim_control;/home/choibeomsu/ros2_ws/src/turtlesim_control/build/turtlesim_control
-- Configured cppcheck exclude dirs and/or files: 
-- Added test 'cpplint' to check C / C++ code against the Google style
-- Configured cpplint exclude dirs and/or files: 
-- Added test 'lint_cmake' to check CMake code style
-- Added test 'uncrustify' to check C / C++ code style
-- Configured uncrustify additional arguments: 
-- Added test 'xmllint' to check XML markup files
-- Configuring done
-- Generating done
-- Build files have been written to: /home/choibeomsu/ros2_ws/src/turtlesim_control/build/turtlesim_control
[  9%] [34m[1mGenerating include/turtlesim_control/moc_qnode.cpp[0m
[ 27%] [34m[1mGenerating ui_mainwindow.h[0m
[ 27%] [34m[1mGenerating include/turtlesim_control/moc_main_window.cpp[0m
[ 36%] [34m[1mGenerating qrc_images.cpp[0m
[ 45%] [32mBuilding CXX object CMakeFiles/turtlesim_control.dir/src/main.cpp.o[0m
[ 63%] [32mBuilding CXX object CMakeFiles/turtlesim_control.dir/include/turtlesim_control/moc_main_window.cpp.o[0m
[ 63%] [32mBuilding CXX object CMakeFiles/turtlesim_control.dir/src/main_window.cpp.o[0m
[ 72%] [32mBuilding CXX object CMakeFiles/turtlesim_control.dir/src/qnode.cpp.o[0m
[ 81%] [32mBuilding CXX object CMakeFiles/turtlesim_control.dir/include/turtlesim_control/moc_qnode.cpp.o[0m
[ 90%] [32mBuilding CXX object CMakeFiles/turtlesim_control.dir/qrc_images.cpp.o[0m
[100%] [32m[1mLinking CXX executable turtlesim_control[0m
[100%] Built target turtlesim_control
-- Install configuration: ""
-- Installing: /home/choibeomsu/ros2_ws/src/turtlesim_control/install/turtlesim_control/lib/turtlesim_control/turtlesim_control
-- Set runtime path of "/home/choibeomsu/ros2_ws/src/turtlesim_control/install/turtlesim_control/lib/turtlesim_control/turtlesim_control" to ""
-- Installing: /home/choibeomsu/ros2_ws/src/turtlesim_control/install/turtlesim_control/share/ament_index/resource_index/package_run_dependencies/turtlesim_control
-- Installing: /home/choibeomsu/ros2_ws/src/turtlesim_control/install/turtlesim_control/share/ament_index/resource_index/parent_prefix_path/turtlesim_control
-- Installing: /home/choibeomsu/ros2_ws/src/turtlesim_control/install/turtlesim_control/share/turtlesim_control/environment/ament_prefix_path.sh
-- Installing: /home/choibeomsu/ros2_ws/src/turtlesim_control/install/turtlesim_control/share/turtlesim_control/environment/ament_prefix_path.dsv
-- Installing: /home/choibeomsu/ros2_ws/src/turtlesim_control/install/turtlesim_control/share/turtlesim_control/environment/path.sh
-- Installing: /home/choibeomsu/ros2_ws/src/turtlesim_control/install/turtlesim_control/share/turtlesim_control/environment/path.dsv
-- Installing: /home/choibeomsu/ros2_ws/src/turtlesim_control/install/turtlesim_control/share/turtlesim_control/local_setup.bash
-- Installing: /home/choibeomsu/ros2_ws/src/turtlesim_control/install/turtlesim_control/share/turtlesim_control/local_setup.sh
-- Installing: /home/choibeomsu/ros2_ws/src/turtlesim_control/install/turtlesim_control/share/turtlesim_control/local_setup.zsh
-- Installing: /home/choibeomsu/ros2_ws/src/turtlesim_control/install/turtlesim_control/share/turtlesim_control/local_setup.dsv
-- Installing: /home/choibeomsu/ros2_ws/src/turtlesim_control/install/turtlesim_control/share/turtlesim_control/package.dsv
-- Installing: /home/choibeomsu/ros2_ws/src/turtlesim_control/install/turtlesim_control/share/ament_index/resource_index/packages/turtlesim_control
-- Installing: /home/choibeomsu/ros2_ws/src/turtlesim_control/install/turtlesim_control/share/turtlesim_control/cmake/turtlesim_controlConfig.cmake
-- Installing: /home/choibeomsu/ros2_ws/src/turtlesim_control/install/turtlesim_control/share/turtlesim_control/cmake/turtlesim_controlConfig-version.cmake
-- Installing: /home/choibeomsu/ros2_ws/src/turtlesim_control/install/turtlesim_control/share/turtlesim_control/package.xml
